Microsoft (R) Macro Assembler Version 14.25.28611.0	    05/10/20 15:25:08
#Assignment 4     (Assignement4.asm			     Page 1 - 1


				TITLE Assignment 4     (Assignement4.asm)

				; Author: Abraham Almahmoud
				; Last Modified: 05/10/2020
				; OSU email address: almahmoa@oregonstate.edu
				; Course number/section: 271
				; Project Number: 3                Due Date: 05/10/2020
				; Description:

				INCLUDE Irvine32.inc
			      C ; Include file for Irvine32.lib             (Irvine32.inc)
			      C 
			      C ;OPTION CASEMAP:NONE		; optional: make identifiers case-sensitive
			      C 
			      C INCLUDE SmallWin.inc		; MS-Windows prototypes, structures, and constants
			      C .NOLIST
			      C .LIST
			      C 
			      C INCLUDE VirtualKeys.inc
			      C ; VirtualKeys.inc
			      C .NOLIST
			      C .LIST
			      C 
			      C 
			      C .NOLIST
			      C .LIST
			      C 

 = 0000270F			UPPERLIMIT = 9999
 = 00000001			LOWERLIMIT = 1

 00000000			.data
 00000000 43 6F 6D 70 6F	intro			BYTE	"Composite Numbers	Programmed by Abraham Almahmoud", 10, 0
	   73 69 74 65 20
	   4E 75 6D 62 65
	   72 73 09 50 72
	   6F 67 72 61 6D
	   6D 65 64 20 62
	   79 20 41 62 72
	   61 68 61 6D 20
	   41 6C 6D 61 68
	   6D 6F 75 64 0A
	   00
 00000033 45 6E 74 65 72	prompt_1		BYTE	"Enter the number of composite numbers you would like to see. ", 10, 0
	   20 74 68 65 20
	   6E 75 6D 62 65
	   72 20 6F 66 20
	   63 6F 6D 70 6F
	   73 69 74 65 20
	   6E 75 6D 62 65
	   72 73 20 79 6F
	   75 20 77 6F 75
	   6C 64 20 6C 69
	   6B 65 20 74 6F
	   20 73 65 65 2E
	   20 0A 00
 00000072 49 27 6C 6C 20	prompt_2		BYTE	"I'll accept orders for up to 400 composites.", 10, 10, 0
	   61 63 63 65 70
	   74 20 6F 72 64
	   65 72 73 20 66
	   6F 72 20 75 70
	   20 74 6F 20 34
	   30 30 20 63 6F
	   6D 70 6F 73 69
	   74 65 73 2E 0A
	   0A 00
 000000A1 45 6E 74 65 72	prompt_3		BYTE	"Enter the number of composites to display [1 .. 9999]: ", 0
	   20 74 68 65 20
	   6E 75 6D 62 65
	   72 20 6F 66 20
	   63 6F 6D 70 6F
	   73 69 74 65 73
	   20 74 6F 20 64
	   69 73 70 6C 61
	   79 20 5B 31 20
	   2E 2E 20 39 39
	   39 39 5D 3A 20
	   00
 000000D9 4F 75 74 20 6F	prompt_4		BYTE	"Out of range. Try again.", 10, 0
	   66 20 72 61 6E
	   67 65 2E 20 54
	   72 79 20 61 67
	   61 69 6E 2E 0A
	   00
 000000F3 50 72 65 73 73	ec_2_prompt		BYTE	"Press any key to continue . . .", 0
	   20 61 6E 79 20
	   6B 65 79 20 74
	   6F 20 63 6F 6E
	   74 69 6E 75 65
	   20 2E 20 2E 20
	   2E 00
 00000113 20 20 20 00		space_quad		BYTE	"   ", 0
 00000117 20 20 20 20 00	space_triple	BYTE	"    ", 0
 0000011C 20 20 20 20 20	space_double	BYTE	"     ", 0
	   00
 00000122 20 20 20 20 20	space_single	BYTE	"      ", 0
	   20 00
 00000129 00000000		num_inc			DWORD	0
 0000012D 000000F0		newpage			DWORD	240					;use to count lines for page
 00000131 0000000A		ten				DWORD	10					;use to count for new line
 00000135 00000003		three			DWORD	3					;use to check all numbers below 3
 00000139 00000002		two				DWORD	2					;use to check if even
 0000013D 00000001		one				DWORD	1					;use to prevent divisable by 1
 00000141 00000000		temp			DWORD	?
 00000145 00000000		remainder		DWORD	0
 00000149 00000000		cas_num			DWORD	?
 0000014D 52 65 73 75 6C	goodbye			BYTE	"Results certified by Abraham Almahmoud. Goodbye.", 0
	   74 73 20 63 65
	   72 74 69 66 69
	   65 64 20 62 79
	   20 41 62 72 61
	   68 61 6D 20 41
	   6C 6D 61 68 6D
	   6F 75 64 2E 20
	   47 6F 6F 64 62
	   79 65 2E 00
 0000017E 2A 2A 45 43 3A	ec_1			BYTE	"**EC: Align the output columns", 10, 0
	   20 41 6C 69 67
	   6E 20 74 68 65
	   20 6F 75 74 70
	   75 74 20 63 6F
	   6C 75 6D 6E 73
	   0A 00
 0000019E 2A 2A 45 43 3A	ec_2			BYTE	"**EC: Display more composites, but show them one page at a time.", 10, 10, 0
	   20 44 69 73 70
	   6C 61 79 20 6D
	   6F 72 65 20 63
	   6F 6D 70 6F 73
	   69 74 65 73 2C
	   20 62 75 74 20
	   73 68 6F 77 20
	   74 68 65 6D 20
	   6F 6E 65 20 70
	   61 67 65 20 61
	   74 20 61 20 74
	   69 6D 65 2E 0A
	   0A 00

 00000000			.code
 00000000			main PROC
 00000000  E8 00000016			call	introduction
 00000005  E8 00000044			call	getUserData
 0000000A  E8 00000069			call	showComposites
 0000000F  E8 000001A0			call	farewell
					exit	; exit to operating system
 00000014  6A 00	   *	    push   +000000000h
 00000016  E8 00000000 E   *	    call   ExitProcess
 0000001B			main ENDP

 0000001B			introduction	PROC
 0000001B  BA 00000000 R		mov		edx, OFFSET intro
 00000020  E8 00000000 E		call	WriteString
 00000025  BA 0000017E R		mov		edx, OFFSET ec_1
 0000002A  E8 00000000 E		call	WriteString
 0000002F  BA 0000019E R		mov		edx, OFFSET ec_2
 00000034  E8 00000000 E		call	WriteString
 00000039  BA 00000033 R		mov		edx, OFFSET prompt_1
 0000003E  E8 00000000 E		call	WriteString
 00000043  BA 00000072 R		mov		edx, OFFSET prompt_2
 00000048  E8 00000000 E		call	WriteString
 0000004D  C3				ret
 0000004E			introduction	ENDP

 0000004E			getUserData		PROC
 0000004E			userdata:
 0000004E  BA 000000A1 R		mov		edx, OFFSET prompt_3
 00000053  E8 00000000 E		call	WriteString
 00000058  E8 00000000 E		call	ReadDec
				;validate
 0000005D  3D 0000270F			cmp		eax, UPPERLIMIT
 00000062  7F 07			jg		invalid
 00000064  83 F8 01			cmp		eax, LOWERLIMIT
 00000067  7C 02			jl		invalid
 00000069  EB 0C			jmp		valid
 0000006B			invalid:
 0000006B  BA 000000D9 R		mov		edx, OFFSET prompt_4
 00000070  E8 00000000 E		call	WriteString
 00000075  EB D7			jmp		userdata
 00000077			valid:
 00000077  C3				ret
 00000078			getUserData		ENDP

 00000078			showComposites	PROC
 00000078  8B C8			mov		ecx, eax
 0000007A  B8 00000001			mov		eax, 1
 0000007F			isComposites:
 0000007F  EB 08			jmp		composite_checker
 00000081			return_loop:
 00000081  40				inc		eax
 00000082  E2 FB			loop	isComposites			   
 00000084  E9 0000012A			jmp		exit_composites			    ;jump to end of procedure
 00000089			composite_checker:
				;Less than 3?
 00000089  3B 05 00000135 R		cmp		eax, three
 0000008F  0F 8E 000000DF		jle		invalid					    ;check if eax is less than 3
				;Even number?
 00000095  A3 00000141 R		mov		temp, eax
 0000009A  99				cdq
 0000009B  8B 1D 00000139 R		mov		ebx, two
 000000A1  F7 F3			div		ebx
 000000A3  89 15 00000145 R		mov		remainder, edx
 000000A9  83 3D 00000145 R		cmp		remainder, 0
	   00
 000000B0  A1 00000141 R		mov		eax, temp
 000000B5  74 47			je		valid						;check if eax is even
				;Loop to check all numbers leading up
 000000B7			setchecker:
 000000B7  A3 00000149 R		mov		cas_num, eax
 000000BC			oddchecker:								;check if odd number is a composite
 000000BC  83 2D 00000149 R		sub		cas_num, 1
	   01
 000000C3  83 3D 00000149 R		cmp		cas_num, 1
	   01
 000000CA  74 24			je		invalidchecker				;make sure cascading number does not check if divisable by 1
 000000CC  99				cdq
 000000CD  8B 1D 00000149 R		mov		ebx, cas_num
 000000D3  F7 F3			div		ebx
 000000D5  89 15 00000145 R		mov		remainder, edx
 000000DB  A1 00000145 R		mov		eax, remainder
 000000E0  83 3D 00000145 R		cmp		remainder, 0
	   00
 000000E7  74 0E			je		validchecker				;if number is divisable by any number between 2-(eax-1), is composite
 000000E9  A1 00000141 R		mov		eax, temp
 000000EE  EB CC			jmp		oddchecker
 000000F0			invalidchecker:
 000000F0  A1 00000141 R		mov		eax, temp
 000000F5  EB 7D			jmp		invalid
 000000F7			validchecker:
 000000F7  A1 00000141 R		mov		eax, temp
 000000FC  EB 00			jmp		valid
				;OutPut
 000000FE			valid:
 000000FE  E8 00000000 E		call	WriteDec
 00000103  3D 000003E8			cmp		eax, 1000
 00000108  7D 16			jge		quad_space
 0000010A  83 F8 64			cmp		eax, 100
 0000010D  7D 1D			jge		triple_space
 0000010F  83 F8 0A			cmp		eax, 10
 00000112  7D 24			jge		double_space
 00000114  BA 00000122 R		mov		edx, OFFSET space_single
 00000119  E8 00000000 E		call	WriteString
 0000011E  EB 22			jmp		increment_num
 00000120			quad_space:
 00000120  BA 00000113 R		mov		edx, OFFSET space_quad
 00000125  E8 00000000 E		call	WriteString
 0000012A  EB 16			jmp		increment_num
 0000012C			triple_space:
 0000012C  BA 00000117 R		mov		edx, OFFSET space_triple
 00000131  E8 00000000 E		call	WriteString
 00000136  EB 0A			jmp		increment_num
 00000138			double_space:
 00000138  BA 0000011C R		mov		edx, OFFSET space_double
 0000013D  E8 00000000 E		call	WriteString
 00000142			increment_num:
 00000142  A3 00000141 R		mov		temp, eax
 00000147  FF 05 00000129 R		inc		num_inc						;track the number of numbers outputted
 0000014D  A1 00000129 R		mov		eax, num_inc
 00000152  99				cdq
 00000153  8B 1D 00000131 R		mov		ebx, ten
 00000159  F7 F3			div		ebx
 0000015B  89 15 00000145 R		mov		remainder, edx
 00000161  A1 00000145 R		mov		eax, remainder
 00000166  83 3D 00000145 R		cmp		remainder, 0
	   00
 0000016D  74 0A			je		next_line
 0000016F			incrememnt_eax:
 0000016F  A1 00000141 R		mov		eax, temp
 00000174			invalid:
 00000174  E9 FFFFFF08			jmp		return_loop
 00000179			next_line:								;move to next line if 5 numbers were outputed
 00000179  E8 00000000 E		call	CrLf
 0000017E  A1 00000129 R		mov		eax, num_inc
 00000183  99				cdq
 00000184  8B 1D 0000012D R		mov		ebx, newpage
 0000018A  F7 F3			div		ebx
 0000018C  89 15 00000145 R		mov		remainder, edx
 00000192  A1 00000145 R		mov		eax, remainder
 00000197  83 3D 00000145 R		cmp		remainder, 0
	   00
 0000019E  74 02			je		next_page
 000001A0  EB CD			jmp		incrememnt_eax
 000001A2			next_page:
 000001A2  BA 000000F3 R		mov		edx, OFFSET ec_2_prompt
 000001A7  E8 00000000 E		call	WaitMsg
 000001AC  E8 00000000 E		call	CrLf
 000001B1  EB BC			jmp		incrememnt_eax
 000001B3			exit_composites:
 000001B3  C3				ret
 000001B4			showComposites	ENDP

 000001B4			farewell		PROC
 000001B4  E8 00000000 E		call	CrLf
 000001B9  E8 00000000 E		call	CrLf
 000001BE  BA 0000014D R		mov		edx, OFFSET goodbye
 000001C3  E8 00000000 E		call	WriteString
 000001C8  C3				ret
 000001C9			farewell		ENDP
				END main
Microsoft (R) Macro Assembler Version 14.25.28611.0	    05/10/20 15:25:08
#Assignment 4     (Assignement4.asm			     Symbols 2 - 1




Structures and Unions:

                N a m e                  Size
                                         Offset      Type

CONSOLE_CURSOR_INFO  . . . . . .	 00000008
  dwSize . . . . . . . . . . . .	 00000000	 DWord
  bVisible . . . . . . . . . . .	 00000004	 DWord
CONSOLE_SCREEN_BUFFER_INFO . . .	 00000016
  dwSize . . . . . . . . . . . .	 00000000	 DWord
  dwCursorPosition . . . . . . .	 00000004	 DWord
  wAttributes  . . . . . . . . .	 00000008	 Word
  srWindow . . . . . . . . . . .	 0000000A	 QWord
  dwMaximumWindowSize  . . . . .	 00000012	 DWord
COORD  . . . . . . . . . . . . .	 00000004
  X  . . . . . . . . . . . . . .	 00000000	 Word
  Y  . . . . . . . . . . . . . .	 00000002	 Word
FILETIME . . . . . . . . . . . .	 00000008
  loDateTime . . . . . . . . . .	 00000000	 DWord
  hiDateTime . . . . . . . . . .	 00000004	 DWord
FOCUS_EVENT_RECORD . . . . . . .	 00000004
  bSetFocus  . . . . . . . . . .	 00000000	 DWord
FPU_ENVIRON  . . . . . . . . . .	 0000001C
  controlWord  . . . . . . . . .	 00000000	 Word
  statusWord . . . . . . . . . .	 00000004	 Word
  tagWord  . . . . . . . . . . .	 00000008	 Word
  instrPointerOffset . . . . . .	 0000000C	 DWord
  instrPointerSelector . . . . .	 00000010	 DWord
  operandPointerOffset . . . . .	 00000014	 DWord
  operandPointerSelector . . . .	 00000018	 Word
INPUT_RECORD . . . . . . . . . .	 00000014
  EventType  . . . . . . . . . .	 00000000	 Word
  Event  . . . . . . . . . . . .	 00000004	 XmmWord
  bKeyDown . . . . . . . . . . .	 00000000	 DWord
  wRepeatCount . . . . . . . . .	 00000004	 Word
  wVirtualKeyCode  . . . . . . .	 00000006	 Word
  wVirtualScanCode . . . . . . .	 00000008	 Word
  uChar  . . . . . . . . . . . .	 0000000A	 Word
  UnicodeChar  . . . . . . . . .	 00000000	 Word
  AsciiChar  . . . . . . . . . .	 00000000	 Byte
  dwControlKeyState  . . . . . .	 0000000C	 DWord
  dwMousePosition  . . . . . . .	 00000000	 DWord
  dwButtonState  . . . . . . . .	 00000004	 DWord
  dwMouseControlKeyState . . . .	 00000008	 DWord
  dwEventFlags . . . . . . . . .	 0000000C	 DWord
  dwSize . . . . . . . . . . . .	 00000000	 DWord
  dwCommandId  . . . . . . . . .	 00000000	 DWord
  bSetFocus  . . . . . . . . . .	 00000000	 DWord
KEY_EVENT_RECORD . . . . . . . .	 00000010
  bKeyDown . . . . . . . . . . .	 00000000	 DWord
  wRepeatCount . . . . . . . . .	 00000004	 Word
  wVirtualKeyCode  . . . . . . .	 00000006	 Word
  wVirtualScanCode . . . . . . .	 00000008	 Word
  uChar  . . . . . . . . . . . .	 0000000A	 Word
  UnicodeChar  . . . . . . . . .	 00000000	 Word
  AsciiChar  . . . . . . . . . .	 00000000	 Byte
  dwControlKeyState  . . . . . .	 0000000C	 DWord
MENU_EVENT_RECORD  . . . . . . .	 00000004
  dwCommandId  . . . . . . . . .	 00000000	 DWord
MOUSE_EVENT_RECORD . . . . . . .	 00000010
  dwMousePosition  . . . . . . .	 00000000	 DWord
  dwButtonState  . . . . . . . .	 00000004	 DWord
  dwMouseControlKeyState . . . .	 00000008	 DWord
  dwEventFlags . . . . . . . . .	 0000000C	 DWord
SMALL_RECT . . . . . . . . . . .	 00000008
  Left . . . . . . . . . . . . .	 00000000	 Word
  Top  . . . . . . . . . . . . .	 00000002	 Word
  Right  . . . . . . . . . . . .	 00000004	 Word
  Bottom . . . . . . . . . . . .	 00000006	 Word
SYSTEMTIME . . . . . . . . . . .	 00000010
  wYear  . . . . . . . . . . . .	 00000000	 Word
  wMonth . . . . . . . . . . . .	 00000002	 Word
  wDayOfWeek . . . . . . . . . .	 00000004	 Word
  wDay . . . . . . . . . . . . .	 00000006	 Word
  wHour  . . . . . . . . . . . .	 00000008	 Word
  wMinute  . . . . . . . . . . .	 0000000A	 Word
  wSecond  . . . . . . . . . . .	 0000000C	 Word
  wMilliseconds  . . . . . . . .	 0000000E	 Word
WINDOW_BUFFER_SIZE_RECORD  . . .	 00000004
  dwSize . . . . . . . . . . . .	 00000000	 DWord


Segments and Groups:

                N a m e                 Size     Length   Align   Combine Class

FLAT . . . . . . . . . . . . . .	GROUP
STACK  . . . . . . . . . . . . .	32 Bit	 00001000 Para	  Stack	  'STACK'	 
_DATA  . . . . . . . . . . . . .	32 Bit	 000001E1 Para	  Public  'DATA'	
_TEXT  . . . . . . . . . . . . .	32 Bit	 000001C9 Para	  Public  'CODE'	


Procedures, parameters, and locals:

                N a m e                 Type     Value    Attr

CloseFile  . . . . . . . . . . .	P Near	 00000000 FLAT	Length= 00000000 External STDCALL
CloseHandle  . . . . . . . . . .	P Near	 00000000 FLAT	Length= 00000000 External STDCALL
Clrscr . . . . . . . . . . . . .	P Near	 00000000 FLAT	Length= 00000000 External STDCALL
CreateFileA  . . . . . . . . . .	P Near	 00000000 FLAT	Length= 00000000 External STDCALL
CreateOutputFile . . . . . . . .	P Near	 00000000 FLAT	Length= 00000000 External STDCALL
Crlf . . . . . . . . . . . . . .	P Near	 00000000 FLAT	Length= 00000000 External STDCALL
Delay  . . . . . . . . . . . . .	P Near	 00000000 FLAT	Length= 00000000 External STDCALL
DumpMem  . . . . . . . . . . . .	P Near	 00000000 FLAT	Length= 00000000 External STDCALL
DumpRegs . . . . . . . . . . . .	P Near	 00000000 FLAT	Length= 00000000 External STDCALL
ExitProcess  . . . . . . . . . .	P Near	 00000000 FLAT	Length= 00000000 External STDCALL
FileTimeToDosDateTime  . . . . .	P Near	 00000000 FLAT	Length= 00000000 External STDCALL
FileTimeToSystemTime . . . . . .	P Near	 00000000 FLAT	Length= 00000000 External STDCALL
FlushConsoleInputBuffer  . . . .	P Near	 00000000 FLAT	Length= 00000000 External STDCALL
FormatMessageA . . . . . . . . .	P Near	 00000000 FLAT	Length= 00000000 External STDCALL
GetCommandLineA  . . . . . . . .	P Near	 00000000 FLAT	Length= 00000000 External STDCALL
GetCommandTail . . . . . . . . .	P Near	 00000000 FLAT	Length= 00000000 External STDCALL
GetConsoleCP . . . . . . . . . .	P Near	 00000000 FLAT	Length= 00000000 External STDCALL
GetConsoleCursorInfo . . . . . .	P Near	 00000000 FLAT	Length= 00000000 External STDCALL
GetConsoleMode . . . . . . . . .	P Near	 00000000 FLAT	Length= 00000000 External STDCALL
GetConsoleScreenBufferInfo . . .	P Near	 00000000 FLAT	Length= 00000000 External STDCALL
GetDateTime  . . . . . . . . . .	P Near	 00000000 FLAT	Length= 00000000 External STDCALL
GetFileTime  . . . . . . . . . .	P Near	 00000000 FLAT	Length= 00000000 External STDCALL
GetKeyState  . . . . . . . . . .	P Near	 00000000 FLAT	Length= 00000000 External STDCALL
GetLastError . . . . . . . . . .	P Near	 00000000 FLAT	Length= 00000000 External STDCALL
GetLocalTime . . . . . . . . . .	P Near	 00000000 FLAT	Length= 00000000 External STDCALL
GetMaxXY . . . . . . . . . . . .	P Near	 00000000 FLAT	Length= 00000000 External STDCALL
GetMseconds  . . . . . . . . . .	P Near	 00000000 FLAT	Length= 00000000 External STDCALL
GetNumberOfConsoleInputEvents  .	P Near	 00000000 FLAT	Length= 00000000 External STDCALL
GetProcessHeap . . . . . . . . .	P Near	 00000000 FLAT	Length= 00000000 External STDCALL
GetStdHandle . . . . . . . . . .	P Near	 00000000 FLAT	Length= 00000000 External STDCALL
GetSystemTime  . . . . . . . . .	P Near	 00000000 FLAT	Length= 00000000 External STDCALL
GetTextColor . . . . . . . . . .	P Near	 00000000 FLAT	Length= 00000000 External STDCALL
GetTickCount . . . . . . . . . .	P Near	 00000000 FLAT	Length= 00000000 External STDCALL
Gotoxy . . . . . . . . . . . . .	P Near	 00000000 FLAT	Length= 00000000 External STDCALL
HeapAlloc  . . . . . . . . . . .	P Near	 00000000 FLAT	Length= 00000000 External STDCALL
HeapCreate . . . . . . . . . . .	P Near	 00000000 FLAT	Length= 00000000 External STDCALL
HeapDestroy  . . . . . . . . . .	P Near	 00000000 FLAT	Length= 00000000 External STDCALL
HeapFree . . . . . . . . . . . .	P Near	 00000000 FLAT	Length= 00000000 External STDCALL
HeapSize . . . . . . . . . . . .	P Near	 00000000 FLAT	Length= 00000000 External STDCALL
IsDigit  . . . . . . . . . . . .	P Near	 00000000 FLAT	Length= 00000000 External STDCALL
LocalFree  . . . . . . . . . . .	P Near	 00000000 FLAT	Length= 00000000 External STDCALL
MessageBoxA  . . . . . . . . . .	P Near	 00000000 FLAT	Length= 00000000 External STDCALL
MsgBoxAsk  . . . . . . . . . . .	P Near	 00000000 FLAT	Length= 00000000 External STDCALL
MsgBox . . . . . . . . . . . . .	P Near	 00000000 FLAT	Length= 00000000 External STDCALL
OpenInputFile  . . . . . . . . .	P Near	 00000000 FLAT	Length= 00000000 External STDCALL
ParseDecimal32 . . . . . . . . .	P Near	 00000000 FLAT	Length= 00000000 External STDCALL
ParseInteger32 . . . . . . . . .	P Near	 00000000 FLAT	Length= 00000000 External STDCALL
PeekConsoleInputA  . . . . . . .	P Near	 00000000 FLAT	Length= 00000000 External STDCALL
Random32 . . . . . . . . . . . .	P Near	 00000000 FLAT	Length= 00000000 External STDCALL
RandomRange  . . . . . . . . . .	P Near	 00000000 FLAT	Length= 00000000 External STDCALL
Randomize  . . . . . . . . . . .	P Near	 00000000 FLAT	Length= 00000000 External STDCALL
ReadChar . . . . . . . . . . . .	P Near	 00000000 FLAT	Length= 00000000 External STDCALL
ReadConsoleA . . . . . . . . . .	P Near	 00000000 FLAT	Length= 00000000 External STDCALL
ReadConsoleInputA  . . . . . . .	P Near	 00000000 FLAT	Length= 00000000 External STDCALL
ReadDec  . . . . . . . . . . . .	P Near	 00000000 FLAT	Length= 00000000 External STDCALL
ReadFile . . . . . . . . . . . .	P Near	 00000000 FLAT	Length= 00000000 External STDCALL
ReadFloat  . . . . . . . . . . .	P Near	 00000000 FLAT	Length= 00000000 External STDCALL
ReadFromFile . . . . . . . . . .	P Near	 00000000 FLAT	Length= 00000000 External STDCALL
ReadHex  . . . . . . . . . . . .	P Near	 00000000 FLAT	Length= 00000000 External STDCALL
ReadInt  . . . . . . . . . . . .	P Near	 00000000 FLAT	Length= 00000000 External STDCALL
ReadKeyFlush . . . . . . . . . .	P Near	 00000000 FLAT	Length= 00000000 External STDCALL
ReadKey  . . . . . . . . . . . .	P Near	 00000000 FLAT	Length= 00000000 External STDCALL
ReadString . . . . . . . . . . .	P Near	 00000000 FLAT	Length= 00000000 External STDCALL
SetConsoleCursorInfo . . . . . .	P Near	 00000000 FLAT	Length= 00000000 External STDCALL
SetConsoleCursorPosition . . . .	P Near	 00000000 FLAT	Length= 00000000 External STDCALL
SetConsoleMode . . . . . . . . .	P Near	 00000000 FLAT	Length= 00000000 External STDCALL
SetConsoleScreenBufferSize . . .	P Near	 00000000 FLAT	Length= 00000000 External STDCALL
SetConsoleTextAttribute  . . . .	P Near	 00000000 FLAT	Length= 00000000 External STDCALL
SetConsoleTitleA . . . . . . . .	P Near	 00000000 FLAT	Length= 00000000 External STDCALL
SetConsoleWindowInfo . . . . . .	P Near	 00000000 FLAT	Length= 00000000 External STDCALL
SetFilePointer . . . . . . . . .	P Near	 00000000 FLAT	Length= 00000000 External STDCALL
SetLocalTime . . . . . . . . . .	P Near	 00000000 FLAT	Length= 00000000 External STDCALL
SetTextColor . . . . . . . . . .	P Near	 00000000 FLAT	Length= 00000000 External STDCALL
ShowFPUStack . . . . . . . . . .	P Near	 00000000 FLAT	Length= 00000000 External STDCALL
Sleep  . . . . . . . . . . . . .	P Near	 00000000 FLAT	Length= 00000000 External STDCALL
StrLength  . . . . . . . . . . .	P Near	 00000000 FLAT	Length= 00000000 External STDCALL
Str_compare  . . . . . . . . . .	P Near	 00000000 FLAT	Length= 00000000 External STDCALL
Str_copy . . . . . . . . . . . .	P Near	 00000000 FLAT	Length= 00000000 External STDCALL
Str_length . . . . . . . . . . .	P Near	 00000000 FLAT	Length= 00000000 External STDCALL
Str_trim . . . . . . . . . . . .	P Near	 00000000 FLAT	Length= 00000000 External STDCALL
Str_ucase  . . . . . . . . . . .	P Near	 00000000 FLAT	Length= 00000000 External STDCALL
SystemTimeToFileTime . . . . . .	P Near	 00000000 FLAT	Length= 00000000 External STDCALL
WaitMsg  . . . . . . . . . . . .	P Near	 00000000 FLAT	Length= 00000000 External STDCALL
WriteBinB  . . . . . . . . . . .	P Near	 00000000 FLAT	Length= 00000000 External STDCALL
WriteBin . . . . . . . . . . . .	P Near	 00000000 FLAT	Length= 00000000 External STDCALL
WriteChar  . . . . . . . . . . .	P Near	 00000000 FLAT	Length= 00000000 External STDCALL
WriteConsoleA  . . . . . . . . .	P Near	 00000000 FLAT	Length= 00000000 External STDCALL
WriteConsoleOutputAttribute  . .	P Near	 00000000 FLAT	Length= 00000000 External STDCALL
WriteConsoleOutputCharacterA . .	P Near	 00000000 FLAT	Length= 00000000 External STDCALL
WriteDec . . . . . . . . . . . .	P Near	 00000000 FLAT	Length= 00000000 External STDCALL
WriteFile  . . . . . . . . . . .	P Near	 00000000 FLAT	Length= 00000000 External STDCALL
WriteFloat . . . . . . . . . . .	P Near	 00000000 FLAT	Length= 00000000 External STDCALL
WriteHexB  . . . . . . . . . . .	P Near	 00000000 FLAT	Length= 00000000 External STDCALL
WriteHex . . . . . . . . . . . .	P Near	 00000000 FLAT	Length= 00000000 External STDCALL
WriteInt . . . . . . . . . . . .	P Near	 00000000 FLAT	Length= 00000000 External STDCALL
WriteStackFrameName  . . . . . .	P Near	 00000000 FLAT	Length= 00000000 External STDCALL
WriteStackFrame  . . . . . . . .	P Near	 00000000 FLAT	Length= 00000000 External STDCALL
WriteString  . . . . . . . . . .	P Near	 00000000 FLAT	Length= 00000000 External STDCALL
WriteToFile  . . . . . . . . . .	P Near	 00000000 FLAT	Length= 00000000 External STDCALL
WriteWindowsMsg  . . . . . . . .	P Near	 00000000 FLAT	Length= 00000000 External STDCALL
farewell . . . . . . . . . . . .	P Near	 000001B4 _TEXT	Length= 00000015 Public STDCALL
getUserData  . . . . . . . . . .	P Near	 0000004E _TEXT	Length= 0000002A Public STDCALL
  userdata . . . . . . . . . . .	L Near	 0000004E _TEXT	
  invalid  . . . . . . . . . . .	L Near	 0000006B _TEXT	
  valid  . . . . . . . . . . . .	L Near	 00000077 _TEXT	
introduction . . . . . . . . . .	P Near	 0000001B _TEXT	Length= 00000033 Public STDCALL
main . . . . . . . . . . . . . .	P Near	 00000000 _TEXT	Length= 0000001B Public STDCALL
printf . . . . . . . . . . . . .	P Near	 00000000 FLAT	Length= 00000000 External C
scanf  . . . . . . . . . . . . .	P Near	 00000000 FLAT	Length= 00000000 External C
showComposites . . . . . . . . .	P Near	 00000078 _TEXT	Length= 0000013C Public STDCALL
  isComposites . . . . . . . . .	L Near	 0000007F _TEXT	
  return_loop  . . . . . . . . .	L Near	 00000081 _TEXT	
  composite_checker  . . . . . .	L Near	 00000089 _TEXT	
  setchecker . . . . . . . . . .	L Near	 000000B7 _TEXT	
  oddchecker . . . . . . . . . .	L Near	 000000BC _TEXT	
  invalidchecker . . . . . . . .	L Near	 000000F0 _TEXT	
  validchecker . . . . . . . . .	L Near	 000000F7 _TEXT	
  valid  . . . . . . . . . . . .	L Near	 000000FE _TEXT	
  quad_space . . . . . . . . . .	L Near	 00000120 _TEXT	
  triple_space . . . . . . . . .	L Near	 0000012C _TEXT	
  double_space . . . . . . . . .	L Near	 00000138 _TEXT	
  increment_num  . . . . . . . .	L Near	 00000142 _TEXT	
  incrememnt_eax . . . . . . . .	L Near	 0000016F _TEXT	
  invalid  . . . . . . . . . . .	L Near	 00000174 _TEXT	
  next_line  . . . . . . . . . .	L Near	 00000179 _TEXT	
  next_page  . . . . . . . . . .	L Near	 000001A2 _TEXT	
  exit_composites  . . . . . . .	L Near	 000001B3 _TEXT	
wsprintfA  . . . . . . . . . . .	P Near	 00000000 FLAT	Length= 00000000 External C


Symbols:

                N a m e                 Type     Value    Attr

@CodeSize  . . . . . . . . . . .	Number	 00000000h   
@DataSize  . . . . . . . . . . .	Number	 00000000h   
@Interface . . . . . . . . . . .	Number	 00000003h   
@Model . . . . . . . . . . . . .	Number	 00000007h   
@code  . . . . . . . . . . . . .	Text   	 _TEXT
@data  . . . . . . . . . . . . .	Text   	 FLAT
@fardata?  . . . . . . . . . . .	Text   	 FLAT
@fardata . . . . . . . . . . . .	Text   	 FLAT
@stack . . . . . . . . . . . . .	Text   	 FLAT
ALT_MASK . . . . . . . . . . . .	Number	 00000003h   
CAPSLOCK_ON  . . . . . . . . . .	Number	 00000080h   
CREATE_ALWAYS  . . . . . . . . .	Number	 00000002h   
CREATE_NEW . . . . . . . . . . .	Number	 00000001h   
CTRL_MASK  . . . . . . . . . . .	Number	 0000000Ch   
CreateFile . . . . . . . . . . .	Text   	 CreateFileA
DO_NOT_SHARE . . . . . . . . . .	Number	 00000000h   
ENABLE_ECHO_INPUT  . . . . . . .	Number	 00000004h   
ENABLE_LINE_INPUT  . . . . . . .	Number	 00000002h   
ENABLE_MOUSE_INPUT . . . . . . .	Number	 00000010h   
ENABLE_PROCESSED_INPUT . . . . .	Number	 00000001h   
ENABLE_PROCESSED_OUTPUT  . . . .	Number	 00000001h   
ENABLE_WINDOW_INPUT  . . . . . .	Number	 00000008h   
ENABLE_WRAP_AT_EOL_OUTPUT  . . .	Number	 00000002h   
ENHANCED_KEY . . . . . . . . . .	Number	 00000100h   
FALSE  . . . . . . . . . . . . .	Number	 00000000h   
FILE_APPEND_DATA . . . . . . . .	Number	 00000004h   
FILE_ATTRIBUTE_ARCHIVE . . . . .	Number	 00000020h   
FILE_ATTRIBUTE_COMPRESSED  . . .	Number	 00000800h   
FILE_ATTRIBUTE_DEVICE  . . . . .	Number	 00000040h   
FILE_ATTRIBUTE_DIRECTORY . . . .	Number	 00000010h   
FILE_ATTRIBUTE_ENCRYPTED . . . .	Number	 00004000h   
FILE_ATTRIBUTE_HIDDEN  . . . . .	Number	 00000002h   
FILE_ATTRIBUTE_NORMAL  . . . . .	Number	 00000080h   
FILE_ATTRIBUTE_NOT_CONTENT_INDEXED .	Number	 00002000h   
FILE_ATTRIBUTE_OFFLINE . . . . .	Number	 00001000h   
FILE_ATTRIBUTE_READONLY  . . . .	Number	 00000001h   
FILE_ATTRIBUTE_REPARSE_POINT . .	Number	 00000400h   
FILE_ATTRIBUTE_SPARSE_FILE . . .	Number	 00000200h   
FILE_ATTRIBUTE_SYSTEM  . . . . .	Number	 00000004h   
FILE_ATTRIBUTE_TEMPORARY . . . .	Number	 00000100h   
FILE_BEGIN . . . . . . . . . . .	Number	 00000000h   
FILE_CURRENT . . . . . . . . . .	Number	 00000001h   
FILE_DELETE_CHILD  . . . . . . .	Number	 00000040h   
FILE_END . . . . . . . . . . . .	Number	 00000002h   
FILE_READ_DATA . . . . . . . . .	Number	 00000001h   
FILE_SHARE_DELETE  . . . . . . .	Number	 00000004h   
FILE_SHARE_READ  . . . . . . . .	Number	 00000001h   
FILE_SHARE_WRITE . . . . . . . .	Number	 00000002h   
FILE_WRITE_DATA  . . . . . . . .	Number	 00000002h   
FOCUS_EVENT  . . . . . . . . . .	Number	 00000010h   
FORMAT_MESSAGE_ALLOCATE_BUFFER .	Number	 00000100h   
FORMAT_MESSAGE_FROM_SYSTEM . . .	Number	 00001000h   
FormatMessage  . . . . . . . . .	Text   	 FormatMessageA
GENERIC_ALL  . . . . . . . . . .	Number	 10000000h   
GENERIC_EXECUTE  . . . . . . . .	Number	 20000000h   
GENERIC_READ . . . . . . . . . .	Number	 -80000000h   
GENERIC_WRITE  . . . . . . . . .	Number	 40000000h   
GetCommandLine . . . . . . . . .	Text   	 GetCommandLineA
HANDLE . . . . . . . . . . . . .	Text   	 DWORD
HEAP_GENERATE_EXCEPTIONS . . . .	Number	 00000004h   
HEAP_GROWABLE  . . . . . . . . .	Number	 00000002h   
HEAP_NO_SERIALIZE  . . . . . . .	Number	 00000001h   
HEAP_REALLOC_IN_PLACE_ONLY . . .	Number	 00000010h   
HEAP_ZERO_MEMORY . . . . . . . .	Number	 00000008h   
IDABORT  . . . . . . . . . . . .	Number	 00000003h   
IDCANCEL . . . . . . . . . . . .	Number	 00000002h   
IDCLOSE  . . . . . . . . . . . .	Number	 00000008h   
IDCONTINUE . . . . . . . . . . .	Number	 0000000Bh   
IDHELP . . . . . . . . . . . . .	Number	 00000009h   
IDIGNORE . . . . . . . . . . . .	Number	 00000005h   
IDNO . . . . . . . . . . . . . .	Number	 00000007h   
IDOK . . . . . . . . . . . . . .	Number	 00000001h   
IDRETRY  . . . . . . . . . . . .	Number	 00000004h   
IDTIMEOUT  . . . . . . . . . . .	Number	 00007D00h   
IDTRYAGAIN . . . . . . . . . . .	Number	 0000000Ah   
IDYES  . . . . . . . . . . . . .	Number	 00000006h   
INVALID_HANDLE_VALUE . . . . . .	Number	 -00000001h   
KBDOWN_FLAG  . . . . . . . . . .	Number	 00000001h   
KEY_EVENT  . . . . . . . . . . .	Number	 00000001h   
KEY_MASKS  . . . . . . . . . . .	Number	 0000001Fh   
LEFT_ALT_PRESSED . . . . . . . .	Number	 00000002h   
LEFT_CTRL_PRESSED  . . . . . . .	Number	 00000008h   
LOWERLIMIT . . . . . . . . . . .	Number	 00000001h   
MB_ABORTRETRYIGNORE  . . . . . .	Number	 00000002h   
MB_APPLMODAL . . . . . . . . . .	Number	 00000000h   
MB_CANCELTRYCONTINUE . . . . . .	Number	 00000006h   
MB_DEFBUTTON1  . . . . . . . . .	Number	 00000000h   
MB_DEFBUTTON2  . . . . . . . . .	Number	 00000100h   
MB_DEFBUTTON3  . . . . . . . . .	Number	 00000200h   
MB_DEFBUTTON4  . . . . . . . . .	Number	 00000300h   
MB_HELP  . . . . . . . . . . . .	Number	 00004000h   
MB_ICONASTERISK  . . . . . . . .	Number	 00000040h   
MB_ICONERROR . . . . . . . . . .	Number	 00000010h   
MB_ICONEXCLAMATION . . . . . . .	Number	 00000030h   
MB_ICONHAND  . . . . . . . . . .	Number	 00000010h   
MB_ICONINFORMATION . . . . . . .	Number	 00000040h   
MB_ICONQUESTION  . . . . . . . .	Number	 00000020h   
MB_ICONSTOP  . . . . . . . . . .	Number	 00000010h   
MB_ICONWARNING . . . . . . . . .	Number	 00000030h   
MB_OKCANCEL  . . . . . . . . . .	Number	 00000001h   
MB_OK  . . . . . . . . . . . . .	Number	 00000000h   
MB_RETRYCANCEL . . . . . . . . .	Number	 00000005h   
MB_SYSTEMMODAL . . . . . . . . .	Number	 00001000h   
MB_TASKMODAL . . . . . . . . . .	Number	 00002000h   
MB_USERICON  . . . . . . . . . .	Number	 00000080h   
MB_YESNOCANCEL . . . . . . . . .	Number	 00000003h   
MB_YESNO . . . . . . . . . . . .	Number	 00000004h   
MENU_EVENT . . . . . . . . . . .	Number	 00000008h   
MOUSE_EVENT  . . . . . . . . . .	Number	 00000002h   
MessageBox . . . . . . . . . . .	Text   	 MessageBoxA
NULL . . . . . . . . . . . . . .	Number	 00000000h   
NUMLOCK_ON . . . . . . . . . . .	Number	 00000020h   
OPEN_ALWAYS  . . . . . . . . . .	Number	 00000004h   
OPEN_EXISTING  . . . . . . . . .	Number	 00000003h   
PeekConsoleInput . . . . . . . .	Text   	 PeekConsoleInputA
RIGHT_ALT_PRESSED  . . . . . . .	Number	 00000001h   
RIGHT_CTRL_PRESSED . . . . . . .	Number	 00000004h   
ReadConsoleInput . . . . . . . .	Text   	 ReadConsoleInputA
ReadConsole  . . . . . . . . . .	Text   	 ReadConsoleA
SCROLLLOCK_ON  . . . . . . . . .	Number	 00000040h   
SHIFT_MASK . . . . . . . . . . .	Number	 00000010h   
SHIFT_PRESSED  . . . . . . . . .	Number	 00000010h   
STD_ERROR_HANDLE . . . . . . . .	Number	 -0000000Ch   
STD_INPUT_HANDLE . . . . . . . .	Number	 -0000000Ah   
STD_OUTPUT_HANDLE  . . . . . . .	Number	 -0000000Bh   
SetConsoleTitle  . . . . . . . .	Text   	 SetConsoleTitleA
TAB  . . . . . . . . . . . . . .	Number	 00000009h   
TRUE . . . . . . . . . . . . . .	Number	 00000001h   
TRUNCATE_EXISTING  . . . . . . .	Number	 00000005h   
UPPERLIMIT . . . . . . . . . . .	Number	 0000270Fh   
VK_11  . . . . . . . . . . . . .	Number	 000000BDh   
VK_12  . . . . . . . . . . . . .	Number	 000000BBh   
VK_ADD . . . . . . . . . . . . .	Number	 0000006Bh   
VK_BACK  . . . . . . . . . . . .	Number	 00000008h   
VK_CANCEL  . . . . . . . . . . .	Number	 00000003h   
VK_CAPITAL . . . . . . . . . . .	Number	 00000014h   
VK_CLEAR . . . . . . . . . . . .	Number	 0000000Ch   
VK_CONTROL . . . . . . . . . . .	Number	 00000011h   
VK_DECIMAL . . . . . . . . . . .	Number	 0000006Eh   
VK_DELETE  . . . . . . . . . . .	Number	 0000002Eh   
VK_DIVIDE  . . . . . . . . . . .	Number	 0000006Fh   
VK_DOWN  . . . . . . . . . . . .	Number	 00000028h   
VK_END . . . . . . . . . . . . .	Number	 00000023h   
VK_ESCAPE  . . . . . . . . . . .	Number	 0000001Bh   
VK_EXECUTE . . . . . . . . . . .	Number	 0000002Bh   
VK_F10 . . . . . . . . . . . . .	Number	 00000079h   
VK_F11 . . . . . . . . . . . . .	Number	 0000007Ah   
VK_F12 . . . . . . . . . . . . .	Number	 0000007Bh   
VK_F13 . . . . . . . . . . . . .	Number	 0000007Ch   
VK_F14 . . . . . . . . . . . . .	Number	 0000007Dh   
VK_F15 . . . . . . . . . . . . .	Number	 0000007Eh   
VK_F16 . . . . . . . . . . . . .	Number	 0000007Fh   
VK_F17 . . . . . . . . . . . . .	Number	 00000080h   
VK_F18 . . . . . . . . . . . . .	Number	 00000081h   
VK_F19 . . . . . . . . . . . . .	Number	 00000082h   
VK_F1  . . . . . . . . . . . . .	Number	 00000070h   
VK_F20 . . . . . . . . . . . . .	Number	 00000083h   
VK_F21 . . . . . . . . . . . . .	Number	 00000084h   
VK_F22 . . . . . . . . . . . . .	Number	 00000085h   
VK_F23 . . . . . . . . . . . . .	Number	 00000086h   
VK_F24 . . . . . . . . . . . . .	Number	 00000087h   
VK_F2  . . . . . . . . . . . . .	Number	 00000071h   
VK_F3  . . . . . . . . . . . . .	Number	 00000072h   
VK_F4  . . . . . . . . . . . . .	Number	 00000073h   
VK_F5  . . . . . . . . . . . . .	Number	 00000074h   
VK_F6  . . . . . . . . . . . . .	Number	 00000075h   
VK_F7  . . . . . . . . . . . . .	Number	 00000076h   
VK_F8  . . . . . . . . . . . . .	Number	 00000077h   
VK_F9  . . . . . . . . . . . . .	Number	 00000078h   
VK_HELP  . . . . . . . . . . . .	Number	 0000002Fh   
VK_HOME  . . . . . . . . . . . .	Number	 00000024h   
VK_INSERT  . . . . . . . . . . .	Number	 0000002Dh   
VK_LBUTTON . . . . . . . . . . .	Number	 00000001h   
VK_LCONTROL  . . . . . . . . . .	Number	 000000A2h   
VK_LEFT  . . . . . . . . . . . .	Number	 00000025h   
VK_LMENU . . . . . . . . . . . .	Number	 000000A4h   
VK_LSHIFT  . . . . . . . . . . .	Number	 000000A0h   
VK_MENU  . . . . . . . . . . . .	Number	 00000012h   
VK_MULTIPLY  . . . . . . . . . .	Number	 0000006Ah   
VK_NEXT  . . . . . . . . . . . .	Number	 00000022h   
VK_NUMLOCK . . . . . . . . . . .	Number	 00000090h   
VK_NUMPAD0 . . . . . . . . . . .	Number	 00000060h   
VK_NUMPAD1 . . . . . . . . . . .	Number	 00000061h   
VK_NUMPAD2 . . . . . . . . . . .	Number	 00000062h   
VK_NUMPAD3 . . . . . . . . . . .	Number	 00000063h   
VK_NUMPAD4 . . . . . . . . . . .	Number	 00000064h   
VK_NUMPAD5 . . . . . . . . . . .	Number	 00000065h   
VK_NUMPAD6 . . . . . . . . . . .	Number	 00000066h   
VK_NUMPAD7 . . . . . . . . . . .	Number	 00000067h   
VK_NUMPAD8 . . . . . . . . . . .	Number	 00000068h   
VK_NUMPAD9 . . . . . . . . . . .	Number	 00000069h   
VK_PAUSE . . . . . . . . . . . .	Number	 00000013h   
VK_PRINT . . . . . . . . . . . .	Number	 0000002Ah   
VK_PRIOR . . . . . . . . . . . .	Number	 00000021h   
VK_RBUTTON . . . . . . . . . . .	Number	 00000002h   
VK_RCONTROL  . . . . . . . . . .	Number	 000000A3h   
VK_RETURN  . . . . . . . . . . .	Number	 0000000Dh   
VK_RIGHT . . . . . . . . . . . .	Number	 00000027h   
VK_RMENU . . . . . . . . . . . .	Number	 000000A5h   
VK_RSHIFT  . . . . . . . . . . .	Number	 000000A1h   
VK_SCROLL  . . . . . . . . . . .	Number	 00000091h   
VK_SEPARATER . . . . . . . . . .	Number	 0000006Ch   
VK_SHIFT . . . . . . . . . . . .	Number	 00000010h   
VK_SNAPSHOT  . . . . . . . . . .	Number	 0000002Ch   
VK_SPACE . . . . . . . . . . . .	Number	 00000020h   
VK_SUBTRACT  . . . . . . . . . .	Number	 0000006Dh   
VK_TAB . . . . . . . . . . . . .	Number	 00000009h   
VK_UP  . . . . . . . . . . . . .	Number	 00000026h   
WINDOW_BUFFER_SIZE_EVENT . . . .	Number	 00000004h   
WriteConsoleOutputCharacter  . .	Text   	 WriteConsoleOutputCharacterA
WriteConsole . . . . . . . . . .	Text   	 WriteConsoleA
black  . . . . . . . . . . . . .	Number	 00000000h   
blue . . . . . . . . . . . . . .	Number	 00000001h   
brown  . . . . . . . . . . . . .	Number	 00000006h   
cas_num  . . . . . . . . . . . .	DWord	 00000149 _DATA	
cyan . . . . . . . . . . . . . .	Number	 00000003h   
ec_1 . . . . . . . . . . . . . .	Byte	 0000017E _DATA	
ec_2_prompt  . . . . . . . . . .	Byte	 000000F3 _DATA	
ec_2 . . . . . . . . . . . . . .	Byte	 0000019E _DATA	
exit . . . . . . . . . . . . . .	Text   	 INVOKE ExitProcess,0
goodbye  . . . . . . . . . . . .	Byte	 0000014D _DATA	
gray . . . . . . . . . . . . . .	Number	 00000008h   
green  . . . . . . . . . . . . .	Number	 00000002h   
intro  . . . . . . . . . . . . .	Byte	 00000000 _DATA	
lightBlue  . . . . . . . . . . .	Number	 00000009h   
lightCyan  . . . . . . . . . . .	Number	 0000000Bh   
lightGray  . . . . . . . . . . .	Number	 00000007h   
lightGreen . . . . . . . . . . .	Number	 0000000Ah   
lightMagenta . . . . . . . . . .	Number	 0000000Dh   
lightRed . . . . . . . . . . . .	Number	 0000000Ch   
magenta  . . . . . . . . . . . .	Number	 00000005h   
newpage  . . . . . . . . . . . .	DWord	 0000012D _DATA	
num_inc  . . . . . . . . . . . .	DWord	 00000129 _DATA	
one  . . . . . . . . . . . . . .	DWord	 0000013D _DATA	
prompt_1 . . . . . . . . . . . .	Byte	 00000033 _DATA	
prompt_2 . . . . . . . . . . . .	Byte	 00000072 _DATA	
prompt_3 . . . . . . . . . . . .	Byte	 000000A1 _DATA	
prompt_4 . . . . . . . . . . . .	Byte	 000000D9 _DATA	
red  . . . . . . . . . . . . . .	Number	 00000004h   
remainder  . . . . . . . . . . .	DWord	 00000145 _DATA	
space_double . . . . . . . . . .	Byte	 0000011C _DATA	
space_quad . . . . . . . . . . .	Byte	 00000113 _DATA	
space_single . . . . . . . . . .	Byte	 00000122 _DATA	
space_triple . . . . . . . . . .	Byte	 00000117 _DATA	
temp . . . . . . . . . . . . . .	DWord	 00000141 _DATA	
ten  . . . . . . . . . . . . . .	DWord	 00000131 _DATA	
three  . . . . . . . . . . . . .	DWord	 00000135 _DATA	
two  . . . . . . . . . . . . . .	DWord	 00000139 _DATA	
white  . . . . . . . . . . . . .	Number	 0000000Fh   
wsprintf . . . . . . . . . . . .	Text   	 wsprintfA
yellow . . . . . . . . . . . . .	Number	 0000000Eh   

	   0 Warnings
	   0 Errors
